<?xml version="1.0" encoding="UTF-8"?>
<testsuite name="example.cashcard.stream.CashCardApplicationTests" tests="1" skipped="0" failures="0" errors="0" timestamp="2026-01-10T05:15:28.477Z" hostname="HARSHAL" time="1.084">
  <properties/>
  <testcase name="basicCashCardSupplier1(OutputDestination)" classname="example.cashcard.stream.CashCardApplicationTests" time="1.084"/>
  <system-out><![CDATA[2026-01-10T10:45:25.514+05:30  INFO 20872 --- [cashcard] [    Test worker] t.c.s.AnnotationConfigContextLoaderUtils : Could not detect default configuration classes for test class [example.cashcard.stream.CashCardApplicationTests]: CashCardApplicationTests does not declare any static, non-private, non-final, nested classes annotated with @Configuration.
2026-01-10T10:45:25.542+05:30  INFO 20872 --- [cashcard] [    Test worker] .b.t.c.SpringBootTestContextBootstrapper : Found @SpringBootConfiguration example.cashcard.CashcardApplication for test class example.cashcard.stream.CashCardApplicationTests
  .   ____          _            __ _ _
 /\\ / ___'_ __ _ _(_)_ __  __ _ \ \ \ \
( ( )\___ | '_ | '_| | '_ \/ _` | \ \ \ \
 \\/  ___)| |_)| | | | | || (_| |  ) ) ) )
  '  |____| .__|_| |_|_| |_\__, | / / / /
 =========|_|==============|___/=/_/_/_/
 
 :: Spring Boot ::   v3.5.9
 :: Spring Cloud Stream ::   v4.3.1
 :: Spring Cloud Function ::   v4.3.1
2026-01-10T10:45:25.609+05:30  INFO 20872 --- [cashcard] [    Test worker] e.c.stream.CashCardApplicationTests      : Starting CashCardApplicationTests using Java 17.0.17 with PID 20872 (started by harsh in C:\Users\harsh\OneDrive\Documents\GitHub\Spring-Cloud-Stream\cashcard Spring Cloud Stream\cashcard)
2026-01-10T10:45:25.610+05:30  INFO 20872 --- [cashcard] [    Test worker] e.c.stream.CashCardApplicationTests      : No active profile set, falling back to 1 default profile: "default"
2026-01-10T10:45:26.072+05:30  INFO 20872 --- [cashcard] [    Test worker] faultConfiguringBeanFactoryPostProcessor : No bean named 'errorChannel' has been explicitly defined. Therefore, a default PublishSubscribeChannel will be created.
2026-01-10T10:45:26.073+05:30  INFO 20872 --- [cashcard] [    Test worker] faultConfiguringBeanFactoryPostProcessor : No bean named 'integrationHeaderChannelRegistry' has been explicitly defined. Therefore, a default DefaultHeaderChannelRegistry will be created.
2026-01-10T10:45:28.422+05:30  INFO 20872 --- [cashcard] [    Test worker] o.s.i.endpoint.EventDrivenConsumer       : Adding {logging-channel-adapter:_org.springframework.integration.errorLogger} as a subscriber to the 'errorChannel' channel
2026-01-10T10:45:28.423+05:30  INFO 20872 --- [cashcard] [    Test worker] o.s.i.channel.PublishSubscribeChannel    : Channel 'cashcard.errorChannel' has 1 subscriber(s).
2026-01-10T10:45:28.425+05:30  INFO 20872 --- [cashcard] [    Test worker] o.s.i.endpoint.EventDrivenConsumer       : started bean '_org.springframework.integration.errorLogger'
2026-01-10T10:45:28.426+05:30  INFO 20872 --- [cashcard] [    Test worker] o.s.i.endpoint.EventDrivenConsumer       : Adding {router} as a subscriber to the 'approvalRequest_integrationflow.channel#0' channel
2026-01-10T10:45:28.428+05:30  INFO 20872 --- [cashcard] [    Test worker] o.s.integration.channel.DirectChannel    : Channel 'cashcard.approvalRequest_integrationflow.channel#0' has 1 subscriber(s).
2026-01-10T10:45:28.429+05:30  INFO 20872 --- [cashcard] [    Test worker] o.s.i.endpoint.EventDrivenConsumer       : started bean 'approvalRequest_integrationflow.org.springframework.integration.config.ConsumerEndpointFactoryBean#0'
2026-01-10T10:45:28.435+05:30  INFO 20872 --- [cashcard] [    Test worker] o.s.i.channel.PublishSubscribeChannel    : Channel 'approvalRequest-out-0.destination' has 1 subscriber(s).
2026-01-10T10:45:28.438+05:30  INFO 20872 --- [cashcard] [    Test worker] o.s.c.s.m.DirectWithAttributesChannel    : Channel 'cashcard.approvalRequest-out-0' has 1 subscriber(s).
2026-01-10T10:45:28.440+05:30  INFO 20872 --- [cashcard] [    Test worker] o.s.i.e.SourcePollingChannelAdapter      : started bean 'approvalRequest-out-0_spca'
2026-01-10T10:45:28.456+05:30  INFO 20872 --- [cashcard] [    Test worker] e.c.stream.CashCardApplicationTests      : Started CashCardApplicationTests in 2.907 seconds (process running for 25.895)
]]></system-out>
  <system-err><![CDATA[]]></system-err>
</testsuite>
