<?xml version="1.0" encoding="UTF-8"?>
<testsuite name="example.cashcard.CashcardApplicationTests" tests="1" skipped="0" failures="0" errors="0" timestamp="2026-01-10T05:15:20.004Z" hostname="HARSHAL" time="2.0">
  <properties/>
  <testcase name="contextLoads()" classname="example.cashcard.CashcardApplicationTests" time="2.0"/>
  <system-out><![CDATA[10:45:07.442 [Test worker] INFO org.springframework.test.context.support.AnnotationConfigContextLoaderUtils -- Could not detect default configuration classes for test class [example.cashcard.CashcardApplicationTests]: CashcardApplicationTests does not declare any static, non-private, non-final, nested classes annotated with @Configuration.
10:45:07.784 [Test worker] INFO org.springframework.boot.test.context.SpringBootTestContextBootstrapper -- Found @SpringBootConfiguration example.cashcard.CashcardApplication for test class example.cashcard.CashcardApplicationTests
  .   ____          _            __ _ _
 /\\ / ___'_ __ _ _(_)_ __  __ _ \ \ \ \
( ( )\___ | '_ | '_| | '_ \/ _` | \ \ \ \
 \\/  ___)| |_)| | | | | || (_| |  ) ) ) )
  '  |____| .__|_| |_|_| |_\__, | / / / /
 =========|_|==============|___/=/_/_/_/
 
 :: Spring Boot ::   v3.5.9
 :: Spring Cloud Stream ::   v4.3.1
 :: Spring Cloud Function ::   v4.3.1
2026-01-10T10:45:09.561+05:30  INFO 20872 --- [cashcard] [    Test worker] e.cashcard.CashcardApplicationTests      : Starting CashcardApplicationTests using Java 17.0.17 with PID 20872 (started by harsh in C:\Users\harsh\OneDrive\Documents\GitHub\Spring-Cloud-Stream\cashcard Spring Cloud Stream\cashcard)
2026-01-10T10:45:09.565+05:30  INFO 20872 --- [cashcard] [    Test worker] e.cashcard.CashcardApplicationTests      : No active profile set, falling back to 1 default profile: "default"
2026-01-10T10:45:12.314+05:30  INFO 20872 --- [cashcard] [    Test worker] faultConfiguringBeanFactoryPostProcessor : No bean named 'errorChannel' has been explicitly defined. Therefore, a default PublishSubscribeChannel will be created.
2026-01-10T10:45:12.357+05:30  INFO 20872 --- [cashcard] [    Test worker] faultConfiguringBeanFactoryPostProcessor : No bean named 'integrationHeaderChannelRegistry' has been explicitly defined. Therefore, a default DefaultHeaderChannelRegistry will be created.
2026-01-10T10:45:16.477+05:30  INFO 20872 --- [cashcard] [    Test worker] o.s.i.endpoint.EventDrivenConsumer       : Adding {logging-channel-adapter:_org.springframework.integration.errorLogger} as a subscriber to the 'errorChannel' channel
2026-01-10T10:45:16.479+05:30  INFO 20872 --- [cashcard] [    Test worker] o.s.i.channel.PublishSubscribeChannel    : Channel 'cashcard.errorChannel' has 1 subscriber(s).
2026-01-10T10:45:16.481+05:30  INFO 20872 --- [cashcard] [    Test worker] o.s.i.endpoint.EventDrivenConsumer       : started bean '_org.springframework.integration.errorLogger'
2026-01-10T10:45:16.482+05:30  INFO 20872 --- [cashcard] [    Test worker] o.s.i.endpoint.EventDrivenConsumer       : Adding {router} as a subscriber to the 'approvalRequest_integrationflow.channel#0' channel
2026-01-10T10:45:16.484+05:30  INFO 20872 --- [cashcard] [    Test worker] o.s.integration.channel.DirectChannel    : Channel 'cashcard.approvalRequest_integrationflow.channel#0' has 1 subscriber(s).
2026-01-10T10:45:16.484+05:30  INFO 20872 --- [cashcard] [    Test worker] o.s.i.endpoint.EventDrivenConsumer       : started bean 'approvalRequest_integrationflow.org.springframework.integration.config.ConsumerEndpointFactoryBean#0'
2026-01-10T10:45:16.489+05:30  INFO 20872 --- [cashcard] [    Test worker] o.s.c.s.binder.DefaultBinderFactory      : Creating binder: kafka
2026-01-10T10:45:16.490+05:30  INFO 20872 --- [cashcard] [    Test worker] o.s.c.s.binder.DefaultBinderFactory      : Constructing binder child context for kafka
2026-01-10T10:45:17.858+05:30  INFO 20872 --- [cashcard] [    Test worker] o.s.c.s.binder.DefaultBinderFactory      : Caching the binder: kafka
2026-01-10T10:45:17.887+05:30  INFO 20872 --- [cashcard] [    Test worker] o.s.c.s.b.k.p.KafkaTopicProvisioner      : Using kafka topic for outbound: approvalRequest-out-0
2026-01-10T10:45:17.899+05:30  INFO 20872 --- [cashcard] [    Test worker] o.a.k.clients.admin.AdminClientConfig    : AdminClientConfig values: 
	auto.include.jmx.reporter = true
	bootstrap.controllers = []
	bootstrap.servers = [localhost:9092]
	client.dns.lookup = use_all_dns_ips
	client.id = 
	connections.max.idle.ms = 300000
	default.api.timeout.ms = 60000
	enable.metrics.push = true
	metadata.max.age.ms = 300000
	metadata.recovery.strategy = none
	metric.reporters = []
	metrics.num.samples = 2
	metrics.recording.level = INFO
	metrics.sample.window.ms = 30000
	receive.buffer.bytes = 65536
	reconnect.backoff.max.ms = 1000
	reconnect.backoff.ms = 50
	request.timeout.ms = 30000
	retries = 2147483647
	retry.backoff.max.ms = 1000
	retry.backoff.ms = 100
	sasl.client.callback.handler.class = null
	sasl.jaas.config = null
	sasl.kerberos.kinit.cmd = /usr/bin/kinit
	sasl.kerberos.min.time.before.relogin = 60000
	sasl.kerberos.service.name = null
	sasl.kerberos.ticket.renew.jitter = 0.05
	sasl.kerberos.ticket.renew.window.factor = 0.8
	sasl.login.callback.handler.class = null
	sasl.login.class = null
	sasl.login.connect.timeout.ms = null
	sasl.login.read.timeout.ms = null
	sasl.login.refresh.buffer.seconds = 300
	sasl.login.refresh.min.period.seconds = 60
	sasl.login.refresh.window.factor = 0.8
	sasl.login.refresh.window.jitter = 0.05
	sasl.login.retry.backoff.max.ms = 10000
	sasl.login.retry.backoff.ms = 100
	sasl.mechanism = GSSAPI
	sasl.oauthbearer.clock.skew.seconds = 30
	sasl.oauthbearer.expected.audience = null
	sasl.oauthbearer.expected.issuer = null
	sasl.oauthbearer.header.urlencode = false
	sasl.oauthbearer.jwks.endpoint.refresh.ms = 3600000
	sasl.oauthbearer.jwks.endpoint.retry.backoff.max.ms = 10000
	sasl.oauthbearer.jwks.endpoint.retry.backoff.ms = 100
	sasl.oauthbearer.jwks.endpoint.url = null
	sasl.oauthbearer.scope.claim.name = scope
	sasl.oauthbearer.sub.claim.name = sub
	sasl.oauthbearer.token.endpoint.url = null
	security.protocol = PLAINTEXT
	security.providers = null
	send.buffer.bytes = 131072
	socket.connection.setup.timeout.max.ms = 30000
	socket.connection.setup.timeout.ms = 10000
	ssl.cipher.suites = null
	ssl.enabled.protocols = [TLSv1.2, TLSv1.3]
	ssl.endpoint.identification.algorithm = https
	ssl.engine.factory.class = null
	ssl.key.password = null
	ssl.keymanager.algorithm = SunX509
	ssl.keystore.certificate.chain = null
	ssl.keystore.key = null
	ssl.keystore.location = null
	ssl.keystore.password = null
	ssl.keystore.type = JKS
	ssl.protocol = TLSv1.3
	ssl.provider = null
	ssl.secure.random.implementation = null
	ssl.trustmanager.algorithm = PKIX
	ssl.truststore.certificates = null
	ssl.truststore.location = null
	ssl.truststore.password = null
	ssl.truststore.type = JKS

2026-01-10T10:45:18.502+05:30  INFO 20872 --- [cashcard] [    Test worker] o.a.kafka.common.utils.AppInfoParser     : Kafka version: 3.9.1
2026-01-10T10:45:18.506+05:30  INFO 20872 --- [cashcard] [    Test worker] o.a.kafka.common.utils.AppInfoParser     : Kafka commitId: f745dfdcee2b9851
2026-01-10T10:45:18.506+05:30  INFO 20872 --- [cashcard] [    Test worker] o.a.kafka.common.utils.AppInfoParser     : Kafka startTimeMs: 1768022118499
2026-01-10T10:45:19.743+05:30  INFO 20872 --- [cashcard] [| adminclient-1] o.a.kafka.common.utils.AppInfoParser     : App info kafka.admin.client for adminclient-1 unregistered
2026-01-10T10:45:19.748+05:30  INFO 20872 --- [cashcard] [| adminclient-1] o.apache.kafka.common.metrics.Metrics    : Metrics scheduler closed
2026-01-10T10:45:19.749+05:30  INFO 20872 --- [cashcard] [| adminclient-1] o.apache.kafka.common.metrics.Metrics    : Closing reporter org.apache.kafka.common.metrics.JmxReporter
2026-01-10T10:45:19.749+05:30  INFO 20872 --- [cashcard] [| adminclient-1] o.apache.kafka.common.metrics.Metrics    : Metrics reporters closed
2026-01-10T10:45:19.778+05:30  INFO 20872 --- [cashcard] [    Test worker] o.a.k.clients.producer.ProducerConfig    : Idempotence will be disabled because acks is set to 1, not set to 'all'.
2026-01-10T10:45:19.778+05:30  INFO 20872 --- [cashcard] [    Test worker] o.a.k.clients.producer.ProducerConfig    : ProducerConfig values: 
	acks = 1
	auto.include.jmx.reporter = true
	batch.size = 16384
	bootstrap.servers = [localhost:9092]
	buffer.memory = 33554432
	client.dns.lookup = use_all_dns_ips
	client.id = producer-1
	compression.gzip.level = -1
	compression.lz4.level = 9
	compression.type = none
	compression.zstd.level = 3
	connections.max.idle.ms = 540000
	delivery.timeout.ms = 120000
	enable.idempotence = false
	enable.metrics.push = true
	interceptor.classes = []
	key.serializer = class org.apache.kafka.common.serialization.ByteArraySerializer
	linger.ms = 0
	max.block.ms = 60000
	max.in.flight.requests.per.connection = 5
	max.request.size = 1048576
	metadata.max.age.ms = 300000
	metadata.max.idle.ms = 300000
	metadata.recovery.strategy = none
	metric.reporters = []
	metrics.num.samples = 2
	metrics.recording.level = INFO
	metrics.sample.window.ms = 30000
	partitioner.adaptive.partitioning.enable = true
	partitioner.availability.timeout.ms = 0
	partitioner.class = null
	partitioner.ignore.keys = false
	receive.buffer.bytes = 32768
	reconnect.backoff.max.ms = 1000
	reconnect.backoff.ms = 50
	request.timeout.ms = 30000
	retries = 2147483647
	retry.backoff.max.ms = 1000
	retry.backoff.ms = 100
	sasl.client.callback.handler.class = null
	sasl.jaas.config = null
	sasl.kerberos.kinit.cmd = /usr/bin/kinit
	sasl.kerberos.min.time.before.relogin = 60000
	sasl.kerberos.service.name = null
	sasl.kerberos.ticket.renew.jitter = 0.05
	sasl.kerberos.ticket.renew.window.factor = 0.8
	sasl.login.callback.handler.class = null
	sasl.login.class = null
	sasl.login.connect.timeout.ms = null
	sasl.login.read.timeout.ms = null
	sasl.login.refresh.buffer.seconds = 300
	sasl.login.refresh.min.period.seconds = 60
	sasl.login.refresh.window.factor = 0.8
	sasl.login.refresh.window.jitter = 0.05
	sasl.login.retry.backoff.max.ms = 10000
	sasl.login.retry.backoff.ms = 100
	sasl.mechanism = GSSAPI
	sasl.oauthbearer.clock.skew.seconds = 30
	sasl.oauthbearer.expected.audience = null
	sasl.oauthbearer.expected.issuer = null
	sasl.oauthbearer.header.urlencode = false
	sasl.oauthbearer.jwks.endpoint.refresh.ms = 3600000
	sasl.oauthbearer.jwks.endpoint.retry.backoff.max.ms = 10000
	sasl.oauthbearer.jwks.endpoint.retry.backoff.ms = 100
	sasl.oauthbearer.jwks.endpoint.url = null
	sasl.oauthbearer.scope.claim.name = scope
	sasl.oauthbearer.sub.claim.name = sub
	sasl.oauthbearer.token.endpoint.url = null
	security.protocol = PLAINTEXT
	security.providers = null
	send.buffer.bytes = 131072
	socket.connection.setup.timeout.max.ms = 30000
	socket.connection.setup.timeout.ms = 10000
	ssl.cipher.suites = null
	ssl.enabled.protocols = [TLSv1.2, TLSv1.3]
	ssl.endpoint.identification.algorithm = https
	ssl.engine.factory.class = null
	ssl.key.password = null
	ssl.keymanager.algorithm = SunX509
	ssl.keystore.certificate.chain = null
	ssl.keystore.key = null
	ssl.keystore.location = null
	ssl.keystore.password = null
	ssl.keystore.type = JKS
	ssl.protocol = TLSv1.3
	ssl.provider = null
	ssl.secure.random.implementation = null
	ssl.trustmanager.algorithm = PKIX
	ssl.truststore.certificates = null
	ssl.truststore.location = null
	ssl.truststore.password = null
	ssl.truststore.type = JKS
	transaction.timeout.ms = 60000
	transactional.id = null
	value.serializer = class org.apache.kafka.common.serialization.ByteArraySerializer

2026-01-10T10:45:19.850+05:30  INFO 20872 --- [cashcard] [    Test worker] o.a.k.c.t.i.KafkaMetricsCollector        : initializing Kafka metrics collector
2026-01-10T10:45:19.889+05:30  INFO 20872 --- [cashcard] [    Test worker] o.a.kafka.common.utils.AppInfoParser     : Kafka version: 3.9.1
2026-01-10T10:45:19.889+05:30  INFO 20872 --- [cashcard] [    Test worker] o.a.kafka.common.utils.AppInfoParser     : Kafka commitId: f745dfdcee2b9851
2026-01-10T10:45:19.889+05:30  INFO 20872 --- [cashcard] [    Test worker] o.a.kafka.common.utils.AppInfoParser     : Kafka startTimeMs: 1768022119889
2026-01-10T10:45:19.912+05:30  INFO 20872 --- [cashcard] [ad | producer-1] org.apache.kafka.clients.Metadata        : [Producer clientId=producer-1] Cluster ID: 5L6g3nShT-eMCtK--X86sw
2026-01-10T10:45:19.924+05:30  INFO 20872 --- [cashcard] [    Test worker] o.s.c.s.m.DirectWithAttributesChannel    : Channel 'cashcard.approvalRequest-out-0' has 1 subscriber(s).
2026-01-10T10:45:19.930+05:30  INFO 20872 --- [cashcard] [    Test worker] o.s.i.e.SourcePollingChannelAdapter      : started bean 'approvalRequest-out-0_spca'
2026-01-10T10:45:19.949+05:30  INFO 20872 --- [cashcard] [    Test worker] e.cashcard.CashcardApplicationTests      : Started CashcardApplicationTests in 11.649 seconds (process running for 17.388)
]]></system-out>
  <system-err><![CDATA[]]></system-err>
</testsuite>
