<?xml version="1.0" encoding="UTF-8"?>
<testsuite name="example.cashcard.CashcardApplicationTests" tests="1" skipped="0" failures="0" errors="0" timestamp="2026-01-04T11:32:10.068Z" hostname="HARSHAL" time="1.241">
  <properties/>
  <testcase name="contextLoads()" classname="example.cashcard.CashcardApplicationTests" time="1.241"/>
  <system-out><![CDATA[17:02:05.017 [Test worker] INFO org.springframework.test.context.support.AnnotationConfigContextLoaderUtils -- Could not detect default configuration classes for test class [example.cashcard.CashcardApplicationTests]: CashcardApplicationTests does not declare any static, non-private, non-final, nested classes annotated with @Configuration.
17:02:05.265 [Test worker] INFO org.springframework.boot.test.context.SpringBootTestContextBootstrapper -- Found @SpringBootConfiguration example.cashcard.CashcardApplication for test class example.cashcard.CashcardApplicationTests
  .   ____          _            __ _ _
 /\\ / ___'_ __ _ _(_)_ __  __ _ \ \ \ \
( ( )\___ | '_ | '_| | '_ \/ _` | \ \ \ \
 \\/  ___)| |_)| | | | | || (_| |  ) ) ) )
  '  |____| .__|_| |_|_| |_\__, | / / / /
 =========|_|==============|___/=/_/_/_/
 
 :: Spring Boot ::   v3.5.9
 :: Spring Cloud Stream ::   v4.3.1
 :: Spring Cloud Function ::   v4.3.1
2026-01-04T17:02:06.391+05:30  INFO 19548 --- [cashcard] [    Test worker] e.cashcard.CashcardApplicationTests      : Starting CashcardApplicationTests using Java 17.0.17 with PID 19548 (started by harsh in C:\Users\harsh\OneDrive\Documents\GitHub\Spring-Cloud-Stream\cashcard Spring Cloud Stream\cashcard)
2026-01-04T17:02:06.394+05:30  INFO 19548 --- [cashcard] [    Test worker] e.cashcard.CashcardApplicationTests      : No active profile set, falling back to 1 default profile: "default"
2026-01-04T17:02:07.771+05:30  INFO 19548 --- [cashcard] [    Test worker] faultConfiguringBeanFactoryPostProcessor : No bean named 'errorChannel' has been explicitly defined. Therefore, a default PublishSubscribeChannel will be created.
2026-01-04T17:02:07.797+05:30  INFO 19548 --- [cashcard] [    Test worker] faultConfiguringBeanFactoryPostProcessor : No bean named 'integrationHeaderChannelRegistry' has been explicitly defined. Therefore, a default DefaultHeaderChannelRegistry will be created.
2026-01-04T17:02:09.827+05:30  INFO 19548 --- [cashcard] [    Test worker] o.s.i.endpoint.EventDrivenConsumer       : Adding {logging-channel-adapter:_org.springframework.integration.errorLogger} as a subscriber to the 'errorChannel' channel
2026-01-04T17:02:09.828+05:30  INFO 19548 --- [cashcard] [    Test worker] o.s.i.channel.PublishSubscribeChannel    : Channel 'cashcard.errorChannel' has 1 subscriber(s).
2026-01-04T17:02:09.829+05:30  INFO 19548 --- [cashcard] [    Test worker] o.s.i.endpoint.EventDrivenConsumer       : started bean '_org.springframework.integration.errorLogger'
2026-01-04T17:02:10.058+05:30  INFO 19548 --- [cashcard] [    Test worker] e.cashcard.CashcardApplicationTests      : Started CashcardApplicationTests in 4.186 seconds (process running for 8.528)
]]></system-out>
  <system-err><![CDATA[]]></system-err>
</testsuite>
