<?xml version="1.0" encoding="UTF-8"?>
<testsuite name="example.cashcard.stream.CashCardApplicationTests" tests="1" skipped="0" failures="0" errors="0" timestamp="2026-01-07T12:14:27.363Z" hostname="HARSHAL" time="1.722">
  <properties/>
  <testcase name="basicCashCardSupplier1(OutputDestination)" classname="example.cashcard.stream.CashCardApplicationTests" time="1.722"/>
  <system-out><![CDATA[2026-01-07T17:44:24.607+05:30  INFO 12248 --- [cashcard] [    Test worker] t.c.s.AnnotationConfigContextLoaderUtils : Could not detect default configuration classes for test class [example.cashcard.stream.CashCardApplicationTests]: CashCardApplicationTests does not declare any static, non-private, non-final, nested classes annotated with @Configuration.
2026-01-07T17:44:24.665+05:30  INFO 12248 --- [cashcard] [    Test worker] .b.t.c.SpringBootTestContextBootstrapper : Found @SpringBootConfiguration example.cashcard.CashcardApplication for test class example.cashcard.stream.CashCardApplicationTests
2026-01-07T17:44:24.745+05:30 ERROR 12248 --- [cashcard] [   scheduling-1] o.s.integration.handler.LoggingHandler   : org.springframework.messaging.MessageDeliveryException: Dispatcher has no subscribers for channel 'cashcard.approvalRequest-out-0'., failedMessage=GenericMessage [payload=byte[121], headers={contentType=application/json, id=cd16e54b-603f-16b2-de2f-438be51c52bb, timestamp=1767788064743}]
	at org.springframework.integration.channel.AbstractSubscribableChannel.doSend(AbstractSubscribableChannel.java:76)
	at org.springframework.integration.channel.AbstractMessageChannel.sendInternal(AbstractMessageChannel.java:436)
	at org.springframework.integration.channel.AbstractMessageChannel.send(AbstractMessageChannel.java:343)
	at org.springframework.messaging.core.GenericMessagingTemplate.doSend(GenericMessagingTemplate.java:187)
	at org.springframework.messaging.core.GenericMessagingTemplate.doSend(GenericMessagingTemplate.java:166)
	at org.springframework.messaging.core.GenericMessagingTemplate.doSend(GenericMessagingTemplate.java:47)
	at org.springframework.messaging.core.AbstractMessageSendingTemplate.send(AbstractMessageSendingTemplate.java:109)
	at org.springframework.integration.router.AbstractMessageRouter.doSend(AbstractMessageRouter.java:238)
	at org.springframework.integration.router.AbstractMessageRouter.handleMessageInternal(AbstractMessageRouter.java:220)
	at org.springframework.integration.handler.AbstractMessageHandler.doHandleMessage(AbstractMessageHandler.java:105)
	at org.springframework.integration.handler.AbstractMessageHandler.handleMessage(AbstractMessageHandler.java:73)
	at org.springframework.integration.dispatcher.AbstractDispatcher.tryOptimizedDispatch(AbstractDispatcher.java:132)
	at org.springframework.integration.dispatcher.UnicastingDispatcher.doDispatch(UnicastingDispatcher.java:148)
	at org.springframework.integration.dispatcher.UnicastingDispatcher.dispatch(UnicastingDispatcher.java:121)
	at org.springframework.integration.channel.AbstractSubscribableChannel.doSend(AbstractSubscribableChannel.java:72)
	at org.springframework.integration.channel.AbstractMessageChannel.sendInternal(AbstractMessageChannel.java:436)
	at org.springframework.integration.channel.AbstractMessageChannel.send(AbstractMessageChannel.java:343)
	at org.springframework.integration.channel.AbstractMessageChannel.send(AbstractMessageChannel.java:312)
	at org.springframework.messaging.core.GenericMessagingTemplate.doSend(GenericMessagingTemplate.java:187)
	at org.springframework.messaging.core.GenericMessagingTemplate.doSend(GenericMessagingTemplate.java:166)
	at org.springframework.messaging.core.GenericMessagingTemplate.doSend(GenericMessagingTemplate.java:47)
	at org.springframework.messaging.core.AbstractMessageSendingTemplate.send(AbstractMessageSendingTemplate.java:109)
	at org.springframework.integration.endpoint.SourcePollingChannelAdapter.handleMessage(SourcePollingChannelAdapter.java:234)
	at org.springframework.integration.endpoint.AbstractPollingEndpoint.messageReceived(AbstractPollingEndpoint.java:484)
	at org.springframework.integration.endpoint.SourcePollingChannelAdapter.messageReceived(SourcePollingChannelAdapter.java:272)
	at org.springframework.integration.endpoint.AbstractPollingEndpoint.doPoll(AbstractPollingEndpoint.java:470)
	at org.springframework.integration.endpoint.AbstractPollingEndpoint.pollForMessage(AbstractPollingEndpoint.java:420)
	at org.springframework.integration.endpoint.AbstractPollingEndpoint.lambda$createPoller$4(AbstractPollingEndpoint.java:356)
	at org.springframework.integration.util.ErrorHandlingTaskExecutor.lambda$execute$0(ErrorHandlingTaskExecutor.java:64)
	at org.springframework.core.task.SyncTaskExecutor.execute(SyncTaskExecutor.java:48)
	at org.springframework.integration.util.ErrorHandlingTaskExecutor.execute(ErrorHandlingTaskExecutor.java:62)
	at org.springframework.integration.endpoint.AbstractPollingEndpoint.lambda$createPoller$5(AbstractPollingEndpoint.java:349)
	at org.springframework.scheduling.support.DelegatingErrorHandlingRunnable.run(DelegatingErrorHandlingRunnable.java:54)
	at org.springframework.scheduling.concurrent.ReschedulingRunnable.run(ReschedulingRunnable.java:96)
	at java.base/java.util.concurrent.Executors$RunnableAdapter.call(Executors.java:539)
	at java.base/java.util.concurrent.FutureTask.run(FutureTask.java:264)
	at java.base/java.util.concurrent.ScheduledThreadPoolExecutor$ScheduledFutureTask.run(ScheduledThreadPoolExecutor.java:304)
	at java.base/java.util.concurrent.ThreadPoolExecutor.runWorker(ThreadPoolExecutor.java:1136)
	at java.base/java.util.concurrent.ThreadPoolExecutor$Worker.run(ThreadPoolExecutor.java:635)
	at java.base/java.lang.Thread.run(Thread.java:840)
Caused by: org.springframework.integration.MessageDispatchingException: Dispatcher has no subscribers, failedMessage=GenericMessage [payload=byte[121], headers={contentType=application/json, id=cd16e54b-603f-16b2-de2f-438be51c52bb, timestamp=1767788064743}]
	at org.springframework.integration.dispatcher.UnicastingDispatcher.doDispatch(UnicastingDispatcher.java:154)
	at org.springframework.integration.dispatcher.UnicastingDispatcher.dispatch(UnicastingDispatcher.java:121)
	at org.springframework.integration.channel.AbstractSubscribableChannel.doSend(AbstractSubscribableChannel.java:72)
	... 39 more

  .   ____          _            __ _ _
 /\\ / ___'_ __ _ _(_)_ __  __ _ \ \ \ \
( ( )\___ | '_ | '_| | '_ \/ _` | \ \ \ \
 \\/  ___)| |_)| | | | | || (_| |  ) ) ) )
  '  |____| .__|_| |_|_| |_\__, | / / / /
 =========|_|==============|___/=/_/_/_/
 
 :: Spring Boot ::   v3.5.9
 :: Spring Cloud Stream ::   v4.3.1
 :: Spring Cloud Function ::   v4.3.1
2026-01-07T17:44:24.776+05:30  INFO 12248 --- [cashcard] [    Test worker] e.c.stream.CashCardApplicationTests      : Starting CashCardApplicationTests using Java 17.0.17 with PID 12248 (started by harsh in C:\Users\harsh\OneDrive\Documents\GitHub\Spring-Cloud-Stream\cashcard Spring Cloud Stream\cashcard)
2026-01-07T17:44:24.777+05:30  INFO 12248 --- [cashcard] [    Test worker] e.c.stream.CashCardApplicationTests      : No active profile set, falling back to 1 default profile: "default"
2026-01-07T17:44:25.435+05:30  INFO 12248 --- [cashcard] [    Test worker] faultConfiguringBeanFactoryPostProcessor : No bean named 'errorChannel' has been explicitly defined. Therefore, a default PublishSubscribeChannel will be created.
2026-01-07T17:44:25.437+05:30  INFO 12248 --- [cashcard] [    Test worker] faultConfiguringBeanFactoryPostProcessor : No bean named 'integrationHeaderChannelRegistry' has been explicitly defined. Therefore, a default DefaultHeaderChannelRegistry will be created.
2026-01-07T17:44:25.769+05:30 ERROR 12248 --- [cashcard] [   scheduling-1] o.s.integration.handler.LoggingHandler   : org.springframework.messaging.MessageDeliveryException: Dispatcher has no subscribers for channel 'cashcard.approvalRequest-out-0'., failedMessage=GenericMessage [payload=byte[126], headers={contentType=application/json, id=a299b031-487d-bbd9-45d6-0381eb84f024, timestamp=1767788065767}]
	at org.springframework.integration.channel.AbstractSubscribableChannel.doSend(AbstractSubscribableChannel.java:76)
	at org.springframework.integration.channel.AbstractMessageChannel.sendInternal(AbstractMessageChannel.java:436)
	at org.springframework.integration.channel.AbstractMessageChannel.send(AbstractMessageChannel.java:343)
	at org.springframework.messaging.core.GenericMessagingTemplate.doSend(GenericMessagingTemplate.java:187)
	at org.springframework.messaging.core.GenericMessagingTemplate.doSend(GenericMessagingTemplate.java:166)
	at org.springframework.messaging.core.GenericMessagingTemplate.doSend(GenericMessagingTemplate.java:47)
	at org.springframework.messaging.core.AbstractMessageSendingTemplate.send(AbstractMessageSendingTemplate.java:109)
	at org.springframework.integration.router.AbstractMessageRouter.doSend(AbstractMessageRouter.java:238)
	at org.springframework.integration.router.AbstractMessageRouter.handleMessageInternal(AbstractMessageRouter.java:220)
	at org.springframework.integration.handler.AbstractMessageHandler.doHandleMessage(AbstractMessageHandler.java:105)
	at org.springframework.integration.handler.AbstractMessageHandler.handleMessage(AbstractMessageHandler.java:73)
	at org.springframework.integration.dispatcher.AbstractDispatcher.tryOptimizedDispatch(AbstractDispatcher.java:132)
	at org.springframework.integration.dispatcher.UnicastingDispatcher.doDispatch(UnicastingDispatcher.java:148)
	at org.springframework.integration.dispatcher.UnicastingDispatcher.dispatch(UnicastingDispatcher.java:121)
	at org.springframework.integration.channel.AbstractSubscribableChannel.doSend(AbstractSubscribableChannel.java:72)
	at org.springframework.integration.channel.AbstractMessageChannel.sendInternal(AbstractMessageChannel.java:436)
	at org.springframework.integration.channel.AbstractMessageChannel.send(AbstractMessageChannel.java:343)
	at org.springframework.integration.channel.AbstractMessageChannel.send(AbstractMessageChannel.java:312)
	at org.springframework.messaging.core.GenericMessagingTemplate.doSend(GenericMessagingTemplate.java:187)
	at org.springframework.messaging.core.GenericMessagingTemplate.doSend(GenericMessagingTemplate.java:166)
	at org.springframework.messaging.core.GenericMessagingTemplate.doSend(GenericMessagingTemplate.java:47)
	at org.springframework.messaging.core.AbstractMessageSendingTemplate.send(AbstractMessageSendingTemplate.java:109)
	at org.springframework.integration.endpoint.SourcePollingChannelAdapter.handleMessage(SourcePollingChannelAdapter.java:234)
	at org.springframework.integration.endpoint.AbstractPollingEndpoint.messageReceived(AbstractPollingEndpoint.java:484)
	at org.springframework.integration.endpoint.SourcePollingChannelAdapter.messageReceived(SourcePollingChannelAdapter.java:272)
	at org.springframework.integration.endpoint.AbstractPollingEndpoint.doPoll(AbstractPollingEndpoint.java:470)
	at org.springframework.integration.endpoint.AbstractPollingEndpoint.pollForMessage(AbstractPollingEndpoint.java:420)
	at org.springframework.integration.endpoint.AbstractPollingEndpoint.lambda$createPoller$4(AbstractPollingEndpoint.java:356)
	at org.springframework.integration.util.ErrorHandlingTaskExecutor.lambda$execute$0(ErrorHandlingTaskExecutor.java:64)
	at org.springframework.core.task.SyncTaskExecutor.execute(SyncTaskExecutor.java:48)
	at org.springframework.integration.util.ErrorHandlingTaskExecutor.execute(ErrorHandlingTaskExecutor.java:62)
	at org.springframework.integration.endpoint.AbstractPollingEndpoint.lambda$createPoller$5(AbstractPollingEndpoint.java:349)
	at org.springframework.scheduling.support.DelegatingErrorHandlingRunnable.run(DelegatingErrorHandlingRunnable.java:54)
	at org.springframework.scheduling.concurrent.ReschedulingRunnable.run(ReschedulingRunnable.java:96)
	at java.base/java.util.concurrent.Executors$RunnableAdapter.call(Executors.java:539)
	at java.base/java.util.concurrent.FutureTask.run(FutureTask.java:264)
	at java.base/java.util.concurrent.ScheduledThreadPoolExecutor$ScheduledFutureTask.run(ScheduledThreadPoolExecutor.java:304)
	at java.base/java.util.concurrent.ThreadPoolExecutor.runWorker(ThreadPoolExecutor.java:1136)
	at java.base/java.util.concurrent.ThreadPoolExecutor$Worker.run(ThreadPoolExecutor.java:635)
	at java.base/java.lang.Thread.run(Thread.java:840)
Caused by: org.springframework.integration.MessageDispatchingException: Dispatcher has no subscribers, failedMessage=GenericMessage [payload=byte[126], headers={contentType=application/json, id=a299b031-487d-bbd9-45d6-0381eb84f024, timestamp=1767788065767}]
	at org.springframework.integration.dispatcher.UnicastingDispatcher.doDispatch(UnicastingDispatcher.java:154)
	at org.springframework.integration.dispatcher.UnicastingDispatcher.dispatch(UnicastingDispatcher.java:121)
	at org.springframework.integration.channel.AbstractSubscribableChannel.doSend(AbstractSubscribableChannel.java:72)
	... 39 more

2026-01-07T17:44:26.786+05:30 ERROR 12248 --- [cashcard] [   scheduling-1] o.s.integration.handler.LoggingHandler   : org.springframework.messaging.MessageDeliveryException: Dispatcher has no subscribers for channel 'cashcard.approvalRequest-out-0'., failedMessage=GenericMessage [payload=byte[126], headers={contentType=application/json, id=649a140d-975d-3303-03c1-2be1846ae429, timestamp=1767788066784}]
	at org.springframework.integration.channel.AbstractSubscribableChannel.doSend(AbstractSubscribableChannel.java:76)
	at org.springframework.integration.channel.AbstractMessageChannel.sendInternal(AbstractMessageChannel.java:436)
	at org.springframework.integration.channel.AbstractMessageChannel.send(AbstractMessageChannel.java:343)
	at org.springframework.messaging.core.GenericMessagingTemplate.doSend(GenericMessagingTemplate.java:187)
	at org.springframework.messaging.core.GenericMessagingTemplate.doSend(GenericMessagingTemplate.java:166)
	at org.springframework.messaging.core.GenericMessagingTemplate.doSend(GenericMessagingTemplate.java:47)
	at org.springframework.messaging.core.AbstractMessageSendingTemplate.send(AbstractMessageSendingTemplate.java:109)
	at org.springframework.integration.router.AbstractMessageRouter.doSend(AbstractMessageRouter.java:238)
	at org.springframework.integration.router.AbstractMessageRouter.handleMessageInternal(AbstractMessageRouter.java:220)
	at org.springframework.integration.handler.AbstractMessageHandler.doHandleMessage(AbstractMessageHandler.java:105)
	at org.springframework.integration.handler.AbstractMessageHandler.handleMessage(AbstractMessageHandler.java:73)
	at org.springframework.integration.dispatcher.AbstractDispatcher.tryOptimizedDispatch(AbstractDispatcher.java:132)
	at org.springframework.integration.dispatcher.UnicastingDispatcher.doDispatch(UnicastingDispatcher.java:148)
	at org.springframework.integration.dispatcher.UnicastingDispatcher.dispatch(UnicastingDispatcher.java:121)
	at org.springframework.integration.channel.AbstractSubscribableChannel.doSend(AbstractSubscribableChannel.java:72)
	at org.springframework.integration.channel.AbstractMessageChannel.sendInternal(AbstractMessageChannel.java:436)
	at org.springframework.integration.channel.AbstractMessageChannel.send(AbstractMessageChannel.java:343)
	at org.springframework.integration.channel.AbstractMessageChannel.send(AbstractMessageChannel.java:312)
	at org.springframework.messaging.core.GenericMessagingTemplate.doSend(GenericMessagingTemplate.java:187)
	at org.springframework.messaging.core.GenericMessagingTemplate.doSend(GenericMessagingTemplate.java:166)
	at org.springframework.messaging.core.GenericMessagingTemplate.doSend(GenericMessagingTemplate.java:47)
	at org.springframework.messaging.core.AbstractMessageSendingTemplate.send(AbstractMessageSendingTemplate.java:109)
	at org.springframework.integration.endpoint.SourcePollingChannelAdapter.handleMessage(SourcePollingChannelAdapter.java:234)
	at org.springframework.integration.endpoint.AbstractPollingEndpoint.messageReceived(AbstractPollingEndpoint.java:484)
	at org.springframework.integration.endpoint.SourcePollingChannelAdapter.messageReceived(SourcePollingChannelAdapter.java:272)
	at org.springframework.integration.endpoint.AbstractPollingEndpoint.doPoll(AbstractPollingEndpoint.java:470)
	at org.springframework.integration.endpoint.AbstractPollingEndpoint.pollForMessage(AbstractPollingEndpoint.java:420)
	at org.springframework.integration.endpoint.AbstractPollingEndpoint.lambda$createPoller$4(AbstractPollingEndpoint.java:356)
	at org.springframework.integration.util.ErrorHandlingTaskExecutor.lambda$execute$0(ErrorHandlingTaskExecutor.java:64)
	at org.springframework.core.task.SyncTaskExecutor.execute(SyncTaskExecutor.java:48)
	at org.springframework.integration.util.ErrorHandlingTaskExecutor.execute(ErrorHandlingTaskExecutor.java:62)
	at org.springframework.integration.endpoint.AbstractPollingEndpoint.lambda$createPoller$5(AbstractPollingEndpoint.java:349)
	at org.springframework.scheduling.support.DelegatingErrorHandlingRunnable.run(DelegatingErrorHandlingRunnable.java:54)
	at org.springframework.scheduling.concurrent.ReschedulingRunnable.run(ReschedulingRunnable.java:96)
	at java.base/java.util.concurrent.Executors$RunnableAdapter.call(Executors.java:539)
	at java.base/java.util.concurrent.FutureTask.run(FutureTask.java:264)
	at java.base/java.util.concurrent.ScheduledThreadPoolExecutor$ScheduledFutureTask.run(ScheduledThreadPoolExecutor.java:304)
	at java.base/java.util.concurrent.ThreadPoolExecutor.runWorker(ThreadPoolExecutor.java:1136)
	at java.base/java.util.concurrent.ThreadPoolExecutor$Worker.run(ThreadPoolExecutor.java:635)
	at java.base/java.lang.Thread.run(Thread.java:840)
Caused by: org.springframework.integration.MessageDispatchingException: Dispatcher has no subscribers, failedMessage=GenericMessage [payload=byte[126], headers={contentType=application/json, id=649a140d-975d-3303-03c1-2be1846ae429, timestamp=1767788066784}]
	at org.springframework.integration.dispatcher.UnicastingDispatcher.doDispatch(UnicastingDispatcher.java:154)
	at org.springframework.integration.dispatcher.UnicastingDispatcher.dispatch(UnicastingDispatcher.java:121)
	at org.springframework.integration.channel.AbstractSubscribableChannel.doSend(AbstractSubscribableChannel.java:72)
	... 39 more

2026-01-07T17:44:27.261+05:30  INFO 12248 --- [cashcard] [    Test worker] o.s.i.endpoint.EventDrivenConsumer       : Adding {logging-channel-adapter:_org.springframework.integration.errorLogger} as a subscriber to the 'errorChannel' channel
2026-01-07T17:44:27.262+05:30  INFO 12248 --- [cashcard] [    Test worker] o.s.i.channel.PublishSubscribeChannel    : Channel 'cashcard.errorChannel' has 1 subscriber(s).
2026-01-07T17:44:27.263+05:30  INFO 12248 --- [cashcard] [    Test worker] o.s.i.endpoint.EventDrivenConsumer       : started bean '_org.springframework.integration.errorLogger'
2026-01-07T17:44:27.264+05:30  INFO 12248 --- [cashcard] [    Test worker] o.s.i.endpoint.EventDrivenConsumer       : Adding {router} as a subscriber to the 'approvalRequest_integrationflow.channel#0' channel
2026-01-07T17:44:27.265+05:30  INFO 12248 --- [cashcard] [    Test worker] o.s.integration.channel.DirectChannel    : Channel 'cashcard.approvalRequest_integrationflow.channel#0' has 1 subscriber(s).
2026-01-07T17:44:27.266+05:30  INFO 12248 --- [cashcard] [    Test worker] o.s.i.endpoint.EventDrivenConsumer       : started bean 'approvalRequest_integrationflow.org.springframework.integration.config.ConsumerEndpointFactoryBean#0'
2026-01-07T17:44:27.272+05:30  INFO 12248 --- [cashcard] [    Test worker] o.s.i.channel.PublishSubscribeChannel    : Channel 'approvalRequest-out-0.destination' has 1 subscriber(s).
2026-01-07T17:44:27.283+05:30  INFO 12248 --- [cashcard] [    Test worker] o.s.c.s.m.DirectWithAttributesChannel    : Channel 'cashcard.approvalRequest-out-0' has 1 subscriber(s).
2026-01-07T17:44:27.300+05:30  INFO 12248 --- [cashcard] [    Test worker] o.s.i.e.SourcePollingChannelAdapter      : started bean 'approvalRequest-out-0_spca'
2026-01-07T17:44:27.320+05:30  INFO 12248 --- [cashcard] [    Test worker] e.c.stream.CashCardApplicationTests      : Started CashCardApplicationTests in 2.64 seconds (process running for 79.349)
2026-01-07T17:44:27.807+05:30 ERROR 12248 --- [cashcard] [   scheduling-1] o.s.integration.handler.LoggingHandler   : org.springframework.messaging.MessageDeliveryException: Dispatcher has no subscribers for channel 'cashcard.approvalRequest-out-0'., failedMessage=GenericMessage [payload=byte[126], headers={contentType=application/json, id=17a7db23-d6ac-8957-0e66-df3efb1436bb, timestamp=1767788067805}]
	at org.springframework.integration.channel.AbstractSubscribableChannel.doSend(AbstractSubscribableChannel.java:76)
	at org.springframework.integration.channel.AbstractMessageChannel.sendInternal(AbstractMessageChannel.java:436)
	at org.springframework.integration.channel.AbstractMessageChannel.send(AbstractMessageChannel.java:343)
	at org.springframework.messaging.core.GenericMessagingTemplate.doSend(GenericMessagingTemplate.java:187)
	at org.springframework.messaging.core.GenericMessagingTemplate.doSend(GenericMessagingTemplate.java:166)
	at org.springframework.messaging.core.GenericMessagingTemplate.doSend(GenericMessagingTemplate.java:47)
	at org.springframework.messaging.core.AbstractMessageSendingTemplate.send(AbstractMessageSendingTemplate.java:109)
	at org.springframework.integration.router.AbstractMessageRouter.doSend(AbstractMessageRouter.java:238)
	at org.springframework.integration.router.AbstractMessageRouter.handleMessageInternal(AbstractMessageRouter.java:220)
	at org.springframework.integration.handler.AbstractMessageHandler.doHandleMessage(AbstractMessageHandler.java:105)
	at org.springframework.integration.handler.AbstractMessageHandler.handleMessage(AbstractMessageHandler.java:73)
	at org.springframework.integration.dispatcher.AbstractDispatcher.tryOptimizedDispatch(AbstractDispatcher.java:132)
	at org.springframework.integration.dispatcher.UnicastingDispatcher.doDispatch(UnicastingDispatcher.java:148)
	at org.springframework.integration.dispatcher.UnicastingDispatcher.dispatch(UnicastingDispatcher.java:121)
	at org.springframework.integration.channel.AbstractSubscribableChannel.doSend(AbstractSubscribableChannel.java:72)
	at org.springframework.integration.channel.AbstractMessageChannel.sendInternal(AbstractMessageChannel.java:436)
	at org.springframework.integration.channel.AbstractMessageChannel.send(AbstractMessageChannel.java:343)
	at org.springframework.integration.channel.AbstractMessageChannel.send(AbstractMessageChannel.java:312)
	at org.springframework.messaging.core.GenericMessagingTemplate.doSend(GenericMessagingTemplate.java:187)
	at org.springframework.messaging.core.GenericMessagingTemplate.doSend(GenericMessagingTemplate.java:166)
	at org.springframework.messaging.core.GenericMessagingTemplate.doSend(GenericMessagingTemplate.java:47)
	at org.springframework.messaging.core.AbstractMessageSendingTemplate.send(AbstractMessageSendingTemplate.java:109)
	at org.springframework.integration.endpoint.SourcePollingChannelAdapter.handleMessage(SourcePollingChannelAdapter.java:234)
	at org.springframework.integration.endpoint.AbstractPollingEndpoint.messageReceived(AbstractPollingEndpoint.java:484)
	at org.springframework.integration.endpoint.SourcePollingChannelAdapter.messageReceived(SourcePollingChannelAdapter.java:272)
	at org.springframework.integration.endpoint.AbstractPollingEndpoint.doPoll(AbstractPollingEndpoint.java:470)
	at org.springframework.integration.endpoint.AbstractPollingEndpoint.pollForMessage(AbstractPollingEndpoint.java:420)
	at org.springframework.integration.endpoint.AbstractPollingEndpoint.lambda$createPoller$4(AbstractPollingEndpoint.java:356)
	at org.springframework.integration.util.ErrorHandlingTaskExecutor.lambda$execute$0(ErrorHandlingTaskExecutor.java:64)
	at org.springframework.core.task.SyncTaskExecutor.execute(SyncTaskExecutor.java:48)
	at org.springframework.integration.util.ErrorHandlingTaskExecutor.execute(ErrorHandlingTaskExecutor.java:62)
	at org.springframework.integration.endpoint.AbstractPollingEndpoint.lambda$createPoller$5(AbstractPollingEndpoint.java:349)
	at org.springframework.scheduling.support.DelegatingErrorHandlingRunnable.run(DelegatingErrorHandlingRunnable.java:54)
	at org.springframework.scheduling.concurrent.ReschedulingRunnable.run(ReschedulingRunnable.java:96)
	at java.base/java.util.concurrent.Executors$RunnableAdapter.call(Executors.java:539)
	at java.base/java.util.concurrent.FutureTask.run(FutureTask.java:264)
	at java.base/java.util.concurrent.ScheduledThreadPoolExecutor$ScheduledFutureTask.run(ScheduledThreadPoolExecutor.java:304)
	at java.base/java.util.concurrent.ThreadPoolExecutor.runWorker(ThreadPoolExecutor.java:1136)
	at java.base/java.util.concurrent.ThreadPoolExecutor$Worker.run(ThreadPoolExecutor.java:635)
	at java.base/java.lang.Thread.run(Thread.java:840)
Caused by: org.springframework.integration.MessageDispatchingException: Dispatcher has no subscribers, failedMessage=GenericMessage [payload=byte[126], headers={contentType=application/json, id=17a7db23-d6ac-8957-0e66-df3efb1436bb, timestamp=1767788067805}]
	at org.springframework.integration.dispatcher.UnicastingDispatcher.doDispatch(UnicastingDispatcher.java:154)
	at org.springframework.integration.dispatcher.UnicastingDispatcher.dispatch(UnicastingDispatcher.java:121)
	at org.springframework.integration.channel.AbstractSubscribableChannel.doSend(AbstractSubscribableChannel.java:72)
	... 39 more

2026-01-07T17:44:28.822+05:30 ERROR 12248 --- [cashcard] [   scheduling-1] o.s.integration.handler.LoggingHandler   : org.springframework.messaging.MessageDeliveryException: Dispatcher has no subscribers for channel 'cashcard.approvalRequest-out-0'., failedMessage=GenericMessage [payload=byte[126], headers={contentType=application/json, id=6d89bc9b-ce4f-bf07-b6ba-5b4d2928b68e, timestamp=1767788068820}]
	at org.springframework.integration.channel.AbstractSubscribableChannel.doSend(AbstractSubscribableChannel.java:76)
	at org.springframework.integration.channel.AbstractMessageChannel.sendInternal(AbstractMessageChannel.java:436)
	at org.springframework.integration.channel.AbstractMessageChannel.send(AbstractMessageChannel.java:343)
	at org.springframework.messaging.core.GenericMessagingTemplate.doSend(GenericMessagingTemplate.java:187)
	at org.springframework.messaging.core.GenericMessagingTemplate.doSend(GenericMessagingTemplate.java:166)
	at org.springframework.messaging.core.GenericMessagingTemplate.doSend(GenericMessagingTemplate.java:47)
	at org.springframework.messaging.core.AbstractMessageSendingTemplate.send(AbstractMessageSendingTemplate.java:109)
	at org.springframework.integration.router.AbstractMessageRouter.doSend(AbstractMessageRouter.java:238)
	at org.springframework.integration.router.AbstractMessageRouter.handleMessageInternal(AbstractMessageRouter.java:220)
	at org.springframework.integration.handler.AbstractMessageHandler.doHandleMessage(AbstractMessageHandler.java:105)
	at org.springframework.integration.handler.AbstractMessageHandler.handleMessage(AbstractMessageHandler.java:73)
	at org.springframework.integration.dispatcher.AbstractDispatcher.tryOptimizedDispatch(AbstractDispatcher.java:132)
	at org.springframework.integration.dispatcher.UnicastingDispatcher.doDispatch(UnicastingDispatcher.java:148)
	at org.springframework.integration.dispatcher.UnicastingDispatcher.dispatch(UnicastingDispatcher.java:121)
	at org.springframework.integration.channel.AbstractSubscribableChannel.doSend(AbstractSubscribableChannel.java:72)
	at org.springframework.integration.channel.AbstractMessageChannel.sendInternal(AbstractMessageChannel.java:436)
	at org.springframework.integration.channel.AbstractMessageChannel.send(AbstractMessageChannel.java:343)
	at org.springframework.integration.channel.AbstractMessageChannel.send(AbstractMessageChannel.java:312)
	at org.springframework.messaging.core.GenericMessagingTemplate.doSend(GenericMessagingTemplate.java:187)
	at org.springframework.messaging.core.GenericMessagingTemplate.doSend(GenericMessagingTemplate.java:166)
	at org.springframework.messaging.core.GenericMessagingTemplate.doSend(GenericMessagingTemplate.java:47)
	at org.springframework.messaging.core.AbstractMessageSendingTemplate.send(AbstractMessageSendingTemplate.java:109)
	at org.springframework.integration.endpoint.SourcePollingChannelAdapter.handleMessage(SourcePollingChannelAdapter.java:234)
	at org.springframework.integration.endpoint.AbstractPollingEndpoint.messageReceived(AbstractPollingEndpoint.java:484)
	at org.springframework.integration.endpoint.SourcePollingChannelAdapter.messageReceived(SourcePollingChannelAdapter.java:272)
	at org.springframework.integration.endpoint.AbstractPollingEndpoint.doPoll(AbstractPollingEndpoint.java:470)
	at org.springframework.integration.endpoint.AbstractPollingEndpoint.pollForMessage(AbstractPollingEndpoint.java:420)
	at org.springframework.integration.endpoint.AbstractPollingEndpoint.lambda$createPoller$4(AbstractPollingEndpoint.java:356)
	at org.springframework.integration.util.ErrorHandlingTaskExecutor.lambda$execute$0(ErrorHandlingTaskExecutor.java:64)
	at org.springframework.core.task.SyncTaskExecutor.execute(SyncTaskExecutor.java:48)
	at org.springframework.integration.util.ErrorHandlingTaskExecutor.execute(ErrorHandlingTaskExecutor.java:62)
	at org.springframework.integration.endpoint.AbstractPollingEndpoint.lambda$createPoller$5(AbstractPollingEndpoint.java:349)
	at org.springframework.scheduling.support.DelegatingErrorHandlingRunnable.run(DelegatingErrorHandlingRunnable.java:54)
	at org.springframework.scheduling.concurrent.ReschedulingRunnable.run(ReschedulingRunnable.java:96)
	at java.base/java.util.concurrent.Executors$RunnableAdapter.call(Executors.java:539)
	at java.base/java.util.concurrent.FutureTask.run(FutureTask.java:264)
	at java.base/java.util.concurrent.ScheduledThreadPoolExecutor$ScheduledFutureTask.run(ScheduledThreadPoolExecutor.java:304)
	at java.base/java.util.concurrent.ThreadPoolExecutor.runWorker(ThreadPoolExecutor.java:1136)
	at java.base/java.util.concurrent.ThreadPoolExecutor$Worker.run(ThreadPoolExecutor.java:635)
	at java.base/java.lang.Thread.run(Thread.java:840)
Caused by: org.springframework.integration.MessageDispatchingException: Dispatcher has no subscribers, failedMessage=GenericMessage [payload=byte[126], headers={contentType=application/json, id=6d89bc9b-ce4f-bf07-b6ba-5b4d2928b68e, timestamp=1767788068820}]
	at org.springframework.integration.dispatcher.UnicastingDispatcher.doDispatch(UnicastingDispatcher.java:154)
	at org.springframework.integration.dispatcher.UnicastingDispatcher.dispatch(UnicastingDispatcher.java:121)
	at org.springframework.integration.channel.AbstractSubscribableChannel.doSend(AbstractSubscribableChannel.java:72)
	... 39 more

]]></system-out>
  <system-err><![CDATA[]]></system-err>
</testsuite>
