<?xml version="1.0" encoding="UTF-8"?>
<testsuite name="example.cashcard.controller.CashCardControllerTests" tests="1" skipped="0" failures="0" errors="0" timestamp="2026-01-10T05:15:24.496Z" hostname="HARSHAL" time="1.002">
  <properties/>
  <testcase name="postShouldSendTransactionAsAMessage(OutputDestination)" classname="example.cashcard.controller.CashCardControllerTests" time="1.002"/>
  <system-out><![CDATA[  .   ____          _            __ _ _
 /\\ / ___'_ __ _ _(_)_ __  __ _ \ \ \ \
( ( )\___ | '_ | '_| | '_ \/ _` | \ \ \ \
 \\/  ___)| |_)| | | | | || (_| |  ) ) ) )
  '  |____| .__|_| |_|_| |_\__, | / / / /
 =========|_|==============|___/=/_/_/_/
 
 :: Spring Boot ::   v3.5.9
 :: Spring Cloud Stream ::   v4.3.1
 :: Spring Cloud Function ::   v4.3.1
2026-01-10T10:45:22.132+05:30  INFO 20872 --- [cashcard] [    Test worker] e.c.controller.CashCardControllerTests   : Starting CashCardControllerTests using Java 17.0.17 with PID 20872 (started by harsh in C:\Users\harsh\OneDrive\Documents\GitHub\Spring-Cloud-Stream\cashcard Spring Cloud Stream\cashcard)
2026-01-10T10:45:22.133+05:30  INFO 20872 --- [cashcard] [    Test worker] e.c.controller.CashCardControllerTests   : No active profile set, falling back to 1 default profile: "default"
2026-01-10T10:45:22.636+05:30  INFO 20872 --- [cashcard] [    Test worker] faultConfiguringBeanFactoryPostProcessor : No bean named 'errorChannel' has been explicitly defined. Therefore, a default PublishSubscribeChannel will be created.
2026-01-10T10:45:22.637+05:30  INFO 20872 --- [cashcard] [    Test worker] faultConfiguringBeanFactoryPostProcessor : No bean named 'integrationHeaderChannelRegistry' has been explicitly defined. Therefore, a default DefaultHeaderChannelRegistry will be created.
2026-01-10T10:45:23.130+05:30  INFO 20872 --- [cashcard] [    Test worker] o.s.b.w.embedded.tomcat.TomcatWebServer  : Tomcat initialized with port 0 (http)
2026-01-10T10:45:23.182+05:30  INFO 20872 --- [cashcard] [    Test worker] o.apache.catalina.core.StandardService   : Starting service [Tomcat]
2026-01-10T10:45:23.183+05:30  INFO 20872 --- [cashcard] [    Test worker] o.apache.catalina.core.StandardEngine    : Starting Servlet engine: [Apache Tomcat/10.1.50]
2026-01-10T10:45:23.325+05:30  INFO 20872 --- [cashcard] [    Test worker] o.a.c.c.C.[Tomcat].[localhost].[/]       : Initializing Spring embedded WebApplicationContext
2026-01-10T10:45:23.328+05:30  INFO 20872 --- [cashcard] [    Test worker] w.s.c.ServletWebServerApplicationContext : Root WebApplicationContext: initialization completed in 1188 ms
2026-01-10T10:45:24.448+05:30  INFO 20872 --- [cashcard] [    Test worker] o.s.i.endpoint.EventDrivenConsumer       : Adding {logging-channel-adapter:_org.springframework.integration.errorLogger} as a subscriber to the 'errorChannel' channel
2026-01-10T10:45:24.450+05:30  INFO 20872 --- [cashcard] [    Test worker] o.s.i.channel.PublishSubscribeChannel    : Channel 'cashcard.errorChannel' has 1 subscriber(s).
2026-01-10T10:45:24.450+05:30  INFO 20872 --- [cashcard] [    Test worker] o.s.i.endpoint.EventDrivenConsumer       : started bean '_org.springframework.integration.errorLogger'
2026-01-10T10:45:24.480+05:30  INFO 20872 --- [cashcard] [    Test worker] o.s.b.w.embedded.tomcat.TomcatWebServer  : Tomcat started on port 63148 (http) with context path '/'
2026-01-10T10:45:24.486+05:30  INFO 20872 --- [cashcard] [    Test worker] e.c.controller.CashCardControllerTests   : Started CashCardControllerTests in 2.435 seconds (process running for 21.925)
2026-01-10T10:45:25.088+05:30  INFO 20872 --- [cashcard] [o-auto-1-exec-1] o.a.c.c.C.[Tomcat].[localhost].[/]       : Initializing Spring DispatcherServlet 'dispatcherServlet'
2026-01-10T10:45:25.090+05:30  INFO 20872 --- [cashcard] [o-auto-1-exec-1] o.s.web.servlet.DispatcherServlet        : Initializing Servlet 'dispatcherServlet'
2026-01-10T10:45:25.096+05:30  INFO 20872 --- [cashcard] [o-auto-1-exec-1] o.s.web.servlet.DispatcherServlet        : Completed initialization in 4 ms
2026-01-10T10:45:25.237+05:30  INFO 20872 --- [cashcard] [o-auto-1-exec-1] o.s.i.channel.PublishSubscribeChannel    : Channel 'approvalRequest-out-0.destination' has 1 subscriber(s).
2026-01-10T10:45:25.240+05:30  INFO 20872 --- [cashcard] [o-auto-1-exec-1] o.s.c.s.m.DirectWithAttributesChannel    : Channel 'cashcard.approvalRequest-out-0' has 1 subscriber(s).
]]></system-out>
  <system-err><![CDATA[]]></system-err>
</testsuite>
